c:\users\santiago\desktop\graficas-stl\proyecto graficas\example\example\debug\framework.pdb
c:\users\santiago\desktop\graficas-stl\proyecto graficas\example\example\debug\framework.idb
c:\users\santiago\desktop\graficas-stl\proyecto graficas\example\example\debug\camera.obj
c:\users\santiago\desktop\graficas-stl\proyecto graficas\example\example\debug\core.obj
c:\users\santiago\desktop\graficas-stl\proyecto graficas\example\example\debug\cubegl.obj
c:\users\santiago\desktop\graficas-stl\proyecto graficas\example\example\debug\d3dxdriver.obj
c:\users\santiago\desktop\graficas-stl\proyecto graficas\example\example\debug\gldriver.obj
c:\users\santiago\desktop\graficas-stl\proyecto graficas\example\example\debug\inputmanager.obj
c:\users\santiago\desktop\graficas-stl\proyecto graficas\example\example\debug\matrix4d.obj
c:\users\santiago\desktop\graficas-stl\proyecto graficas\example\example\debug\meshgl.obj
c:\users\santiago\desktop\graficas-stl\proyecto graficas\example\example\debug\primitiveinstance.obj
c:\users\santiago\desktop\graficas-stl\proyecto graficas\example\example\debug\primitivemanager.obj
c:\users\santiago\desktop\graficas-stl\proyecto graficas\example\example\debug\basedriver.obj
c:\users\santiago\desktop\graficas-stl\proyecto graficas\example\example\debug\sceneprops.obj
c:\users\santiago\desktop\graficas-stl\proyecto graficas\example\example\debug\textures.obj
c:\users\santiago\desktop\graficas-stl\proyecto graficas\example\example\debug\timer.obj
c:\users\santiago\desktop\graficas-stl\proyecto graficas\example\example\debug\trianglegl.obj
c:\users\santiago\desktop\graficas-stl\proyecto graficas\example\example\debug\utilsgl.obj
c:\users\santiago\desktop\graficas-stl\proyecto graficas\example\example\debug\win32framework.obj
c:\users\santiago\desktop\graficas-stl\proyecto graficas\example\example\debug\xdatabase.obj
c:\users\santiago\desktop\graficas-stl\proyecto graficas\example\example\debug\d3dxmesh.obj
c:\users\santiago\desktop\graficas-stl\proyecto graficas\example\example\debug\d3dxrt.obj
c:\users\santiago\desktop\graficas-stl\proyecto graficas\example\example\debug\d3dxshader.obj
c:\users\santiago\desktop\graficas-stl\proyecto graficas\example\example\debug\d3dxtexture.obj
c:\users\santiago\desktop\graficas-stl\proyecto graficas\example\debug\framework.lib
c:\users\santiago\desktop\graficas-stl\proyecto graficas\example\example\debug\meshgl.obj.enc
c:\users\santiago\desktop\graficas-stl\proyecto graficas\example\debug\framework.pdb
c:\users\santiago\desktop\graficas-stl\proyecto graficas\example\example\debug\framework.tlog\cl.command.1.tlog
c:\users\santiago\desktop\graficas-stl\proyecto graficas\example\example\debug\framework.tlog\cl.read.1.tlog
c:\users\santiago\desktop\graficas-stl\proyecto graficas\example\example\debug\framework.tlog\cl.write.1.tlog
c:\users\santiago\desktop\graficas-stl\proyecto graficas\example\example\debug\framework.tlog\lib-link.read.1.tlog
c:\users\santiago\desktop\graficas-stl\proyecto graficas\example\example\debug\framework.tlog\lib-link.write.1.tlog
c:\users\santiago\desktop\graficas-stl\proyecto graficas\example\example\debug\framework.tlog\lib.command.1.tlog
